2026-01-07 18:52:57 | root     | INFO | Logging configured successfully
2026-01-07 18:52:57 | root     | INFO | Log file is located at: backend/logs/app.log
2026-01-07 18:52:57 | Odyssey.main | INFO | Starting Application...
2026-01-07 18:53:06 | Odyssey.main | INFO | GET /api/routes/optimize | 405 | Time : 0.0005s
2026-01-07 18:53:06 | Odyssey.main | INFO | GET /api/routes/optimize | 405 | Time : 0.0003s
2026-01-07 18:53:06 | Odyssey.main | INFO | GET /favicon.ico | 404 | Time : 0.0029s
2026-01-07 18:53:06 | Odyssey.main | INFO | GET /favicon.ico | 404 | Time : 0.0002s
2026-01-07 18:53:10 | Odyssey.main | INFO | GET /api/routes/details | 405 | Time : 0.0004s
2026-01-07 18:53:10 | Odyssey.main | INFO | GET /api/routes/details | 405 | Time : 0.0002s
2026-01-07 18:53:13 | Odyssey.main | INFO | GET /api/routes/calculate | 422 | Time : 0.0015s
2026-01-07 18:53:13 | Odyssey.main | INFO | GET /api/routes/calculate | 422 | Time : 0.0004s
2026-01-07 18:53:18 | Odyssey.main | INFO | Health check requested
2026-01-07 18:53:18 | Odyssey.main | INFO | GET /api/health | 200 | Time : 0.0011s
2026-01-07 18:53:18 | Odyssey.main | INFO | Health check requested
2026-01-07 18:53:18 | Odyssey.main | INFO | GET /api/health | 200 | Time : 0.0012s
2026-01-07 18:54:25 | Odyssey.main | INFO | GET /docs | 200 | Time : 0.0016s
2026-01-07 18:54:25 | Odyssey.main | INFO | GET /docs | 200 | Time : 0.0003s
2026-01-07 18:54:25 | Odyssey.main | INFO | GET /openapi.json | 200 | Time : 0.0068s
2026-01-07 18:54:25 | Odyssey.main | INFO | GET /openapi.json | 200 | Time : 0.0005s
2026-01-07 18:55:24 | Odyssey.routes | INFO | Optimizing route with 3 stops
2026-01-07 18:55:24 | googlemaps.client | INFO | API queries_quota: 60
2026-01-07 18:55:24 | Odyssey.routes | INFO | Route optimized! Saved 1 min
2026-01-07 18:55:24 | Odyssey.main | INFO | POST /api/routes/optimize | 200 | Time : 0.1719s
2026-01-07 18:59:13 | Odyssey.main | INFO | GET /openapi.json | 200 | Time : 0.0006s
2026-01-07 18:59:29 | Odyssey.routes | INFO | Optimizing route with 5 stops
2026-01-07 18:59:29 | Odyssey.routes | INFO | Route optimized! Saved 13 min
2026-01-07 18:59:29 | Odyssey.routes | INFO | Optimizing route with 5 stops
2026-01-07 18:59:29 | Odyssey.routes | INFO | Route optimized! Saved 13 min
2026-01-07 18:59:29 | Odyssey.main | INFO | POST /api/routes/optimize | 200 | Time : 0.2375s
2026-01-07 18:59:29 | Odyssey.main | INFO | POST /api/routes/optimize | 200 | Time : 0.2374s
2026-01-07 18:59:29 | Odyssey.routes | INFO | Optimizing route with 5 stops
2026-01-07 18:59:29 | Odyssey.routes | INFO | Route optimized! Saved 13 min
2026-01-07 18:59:29 | Odyssey.routes | INFO | Optimizing route with 5 stops
2026-01-07 18:59:29 | Odyssey.routes | INFO | Route optimized! Saved 13 min
2026-01-07 18:59:29 | Odyssey.main | INFO | POST /api/routes/optimize | 200 | Time : 0.1922s
2026-01-07 18:59:29 | Odyssey.main | INFO | POST /api/routes/optimize | 200 | Time : 0.1927s
2026-01-07 18:59:29 | Odyssey.routes | INFO | Getting route details for 6 locations
2026-01-07 18:59:30 | Odyssey.routes | INFO | Getting route details for 6 locations
2026-01-07 18:59:30 | Odyssey.main | INFO | POST /api/routes/details | 200 | Time : 0.6343s
2026-01-07 18:59:30 | Odyssey.main | INFO | POST /api/routes/details | 200 | Time : 0.6344s
2026-01-07 18:59:30 | Odyssey.routes | INFO | Getting route details for 6 locations
2026-01-07 18:59:30 | Odyssey.routes | INFO | Getting route details for 6 locations
2026-01-07 18:59:30 | Odyssey.main | INFO | POST /api/routes/details | 200 | Time : 0.4142s
2026-01-07 18:59:30 | Odyssey.main | INFO | POST /api/routes/details | 200 | Time : 0.4145s
2026-01-07 19:04:16 | Odyssey.main | INFO | Shutting Down Application...
2026-01-07 19:04:17 | root     | INFO | Logging configured successfully
2026-01-07 19:04:17 | root     | INFO | Log file is located at: backend/logs/app.log
2026-01-07 19:04:17 | Odyssey.main | INFO | Starting Application...
2026-01-07 19:05:35 | Odyssey.main | INFO | GET /docs | 200 | Time : 0.0003s
2026-01-07 19:05:35 | Odyssey.main | INFO | GET /docs | 200 | Time : 0.0003s
2026-01-07 19:05:36 | Odyssey.main | INFO | GET /openapi.json | 200 | Time : 0.0121s
2026-01-07 19:05:36 | Odyssey.main | INFO | GET /openapi.json | 200 | Time : 0.0003s
2026-01-07 19:06:12 | googlemaps.client | INFO | API queries_quota: 60
2026-01-07 19:06:12 | Odyssey.places_api | INFO | Discovering places in San Francisco, CA, categories: None
2026-01-07 19:06:15 | Odyssey.places | INFO | Cached 20 places for San Francisco, CA
2026-01-07 19:06:15 | Odyssey.main | INFO | GET /api/places/discover/San Francisco | 200 | Time : 2.4179s
2026-01-07 23:02:13 | Odyssey.main | INFO | Shutting Down Application...
2026-01-07 23:02:14 | root     | INFO | Logging configured successfully
2026-01-07 23:02:14 | root     | INFO | Log file is located at: backend/logs/app.log
2026-01-07 23:02:14 | Odyssey.main | INFO | Starting Application...
2026-01-07 23:07:26 | Odyssey.main | INFO | Shutting Down Application...
2026-01-07 23:07:26 | root     | INFO | Logging configured successfully
2026-01-07 23:07:26 | root     | INFO | Log file is located at: backend/logs/app.log
2026-01-07 23:07:26 | Odyssey.main | INFO | Starting Application...
2026-01-07 23:07:31 | Odyssey.main | INFO | Shutting Down Application...
2026-01-07 23:07:31 | root     | INFO | Logging configured successfully
2026-01-07 23:07:31 | root     | INFO | Log file is located at: backend/logs/app.log
2026-01-07 23:07:31 | Odyssey.main | INFO | Starting Application...
2026-01-07 23:07:36 | Odyssey.main | INFO | Shutting Down Application...
2026-01-08 21:04:53 | root     | INFO | Logging configured successfully
2026-01-08 21:04:53 | root     | INFO | Log file is located at: backend/logs/app.log
2026-01-08 21:04:53 | Odyssey.main | INFO | Starting Application...
2026-01-08 21:05:06 | Odyssey.main | INFO | GET /docs | 200 | Time : 0.0005s
2026-01-08 21:05:06 | Odyssey.main | INFO | GET /docs | 200 | Time : 0.0003s
2026-01-08 21:05:06 | Odyssey.main | INFO | GET /openapi.json | 200 | Time : 0.0192s
2026-01-08 21:05:06 | Odyssey.main | INFO | GET /openapi.json | 200 | Time : 0.0005s
2026-01-08 21:14:36 | Oddesey.recommend_api | ERROR | Failed to get recommendations: name 'get_place_service' is not defined
2026-01-08 21:14:36 | Odyssey.main | INFO | POST /recommend/ | 500 | Time : 0.0073s
2026-01-08 21:16:02 | Odyssey.main | INFO | Shutting Down Application...
2026-01-08 21:16:02 | root     | INFO | Logging configured successfully
2026-01-08 21:16:02 | root     | INFO | Log file is located at: backend/logs/app.log
2026-01-08 21:16:02 | Odyssey.main | INFO | Starting Application...
2026-01-08 21:16:25 | Odyssey.main | INFO | Shutting Down Application...
2026-01-08 21:16:43 | root     | INFO | Logging configured successfully
2026-01-08 21:16:43 | root     | INFO | Log file is located at: backend/logs/app.log
2026-01-08 21:16:43 | Odyssey.main | INFO | Starting Application...
2026-01-08 21:17:00 | googlemaps.client | INFO | API queries_quota: 60
2026-01-08 21:17:00 | Oddesey.recommend_api | INFO | Getting recommendations for San Francisco
2026-01-08 21:17:02 | Odyssey.places | INFO | Cached 50 places for San Francisco
2026-01-08 21:17:02 | Oddesey.recommend_api | ERROR | Failed to get recommendations: RecommendationService.recommend() got an unexpected keyword argument 'preferences'. Did you mean 'perferances'?
2026-01-08 21:17:02 | Odyssey.main | INFO | POST /recommend/ | 500 | Time : 2.2155s
2026-01-08 21:18:27 | Odyssey.main | INFO | Shutting Down Application...
2026-01-08 21:18:27 | root     | INFO | Logging configured successfully
2026-01-08 21:18:27 | root     | INFO | Log file is located at: backend/logs/app.log
2026-01-08 21:18:27 | Odyssey.main | INFO | Starting Application...
2026-01-08 21:19:27 | Odyssey.main | INFO | Shutting Down Application...
2026-01-08 21:19:28 | root     | INFO | Logging configured successfully
2026-01-08 21:19:28 | root     | INFO | Log file is located at: backend/logs/app.log
2026-01-08 21:19:28 | Odyssey.main | INFO | Starting Application...
2026-01-08 21:20:07 | Odyssey.main | INFO | Shutting Down Application...
2026-01-08 21:20:07 | root     | INFO | Logging configured successfully
2026-01-08 21:20:07 | root     | INFO | Log file is located at: backend/logs/app.log
2026-01-08 21:20:07 | Odyssey.main | INFO | Starting Application...
2026-01-08 21:20:25 | googlemaps.client | INFO | API queries_quota: 60
2026-01-08 21:20:25 | Oddesey.recommend_api | INFO | Getting recommendations for San Francisco
2026-01-08 21:20:27 | Odyssey.places | INFO | Cached 50 places for San Francisco
2026-01-08 21:20:27 | Oddesey.recommend_api | ERROR | Failed to get recommendations: RecommendationService.recommend() got an unexpected keyword argument 'preferences'. Did you mean 'perferances'?
2026-01-08 21:20:27 | Odyssey.main | INFO | POST /recommend/ | 500 | Time : 1.9276s
2026-01-08 21:21:02 | Odyssey.main | INFO | Shutting Down Application...
2026-01-08 21:21:02 | root     | INFO | Logging configured successfully
2026-01-08 21:21:02 | root     | INFO | Log file is located at: backend/logs/app.log
2026-01-08 21:21:02 | Odyssey.main | INFO | Starting Application...
2026-01-08 21:21:19 | googlemaps.client | INFO | API queries_quota: 60
2026-01-08 21:21:19 | Oddesey.recommend_api | INFO | Getting recommendations for San Francisco
2026-01-08 21:21:19 | Odyssey.places | INFO | Cached 50 places for San Francisco
2026-01-08 21:21:19 | Oddesey.recommend_api | ERROR | Failed to get recommendations: RecommendationService.recommend() got an unexpected keyword argument 'preferences'. Did you mean 'perferances'?
2026-01-08 21:21:19 | Odyssey.main | INFO | POST /recommend/ | 500 | Time : 0.4728s
2026-01-08 21:22:42 | Oddesey.recommend_api | INFO | Getting recommendations for San Francisco
2026-01-08 21:22:45 | Odyssey.places | INFO | Cached 34 places for San Francisco
2026-01-08 21:22:45 | Oddesey.recommend_api | ERROR | Failed to get recommendations: RecommendationService.recommend() got an unexpected keyword argument 'preferences'. Did you mean 'perferances'?
2026-01-08 21:22:45 | Odyssey.main | INFO | POST /recommend/ | 500 | Time : 2.4218s
2026-01-08 21:23:19 | Odyssey.main | INFO | Shutting Down Application...
2026-01-08 21:23:19 | root     | INFO | Logging configured successfully
2026-01-08 21:23:19 | root     | INFO | Log file is located at: backend/logs/app.log
2026-01-08 21:23:19 | Odyssey.main | INFO | Starting Application...
2026-01-08 21:23:32 | googlemaps.client | INFO | API queries_quota: 60
2026-01-08 21:23:32 | Oddesey.recommend_api | INFO | Getting recommendations for San Francisco
2026-01-08 21:23:33 | Odyssey.places | INFO | Cached 50 places for San Francisco
2026-01-08 21:23:33 | Odyssey.main | INFO | POST /recommend/ | 200 | Time : 1.6964s
2026-01-08 21:26:18 | Odyssey.main | INFO | Shutting Down Application...
